<?xml version="1.0" encoding="UTF-8"?>
<!-- Generated by org.testng.reporters.JUnitXMLReporter -->
<testsuite ignored="0" hostname="DESKTOP-PT9CC6H" failures="0" tests="6" name="Default test" time="12.281" errors="0" timestamp="2023-07-06T09:09:36 IST">
  <testcase classname="api.test.DDTests" name="testPostUser" time="4.333"/>
  <testcase classname="api.test.DDTests" name="testPostUser" time="1.371"/>
  <testcase classname="api.test.DDTests" name="testPostUser" time="1.31"/>
  <testcase classname="api.test.DDTests" name="testDeleteUserByName" time="1.348"/>
  <testcase classname="api.test.DDTests" name="testDeleteUserByName" time="1.307"/>
  <testcase classname="api.test.DDTests" name="testDeleteUserByName" time="1.338"/>
</testsuite> <!-- Default test -->
