<?xml version="1.0" encoding="UTF-8"?>
<testng-results ignored="0" total="4" passed="4" failed="0" skipped="0">
  <reporter-output>
  </reporter-output>
  <suite started-at="2023-07-07T13:39:52 IST" name="PetSuite" finished-at="2023-07-07T13:40:05 IST" duration-ms="13812">
    <groups>
    </groups>
    <test started-at="2023-07-07T13:39:52 IST" name="PetTest" finished-at="2023-07-07T13:40:05 IST" duration-ms="13812">
      <class name="api.test.UserTests2">
        <test-method is-config="true" signature="setup()[pri:0, instance:api.test.UserTests2@1b2abca6]" started-at="2023-07-07T13:39:52 IST" name="setup" finished-at="2023-07-07T13:39:54 IST" duration-ms="1822" status="PASS">
          <reporter-output>
          </reporter-output>
        </test-method> <!-- setup -->
        <test-method signature="testPostUser()[pri:1, instance:api.test.UserTests2@1b2abca6]" started-at="2023-07-07T13:39:54 IST" name="testPostUser" finished-at="2023-07-07T13:39:59 IST" duration-ms="5408" status="PASS">
          <reporter-output>
          </reporter-output>
        </test-method> <!-- testPostUser -->
        <test-method signature="testGetUserByName()[pri:2, instance:api.test.UserTests2@1b2abca6]" started-at="2023-07-07T13:39:59 IST" name="testGetUserByName" finished-at="2023-07-07T13:40:01 IST" duration-ms="1485" status="PASS">
          <reporter-output>
          </reporter-output>
        </test-method> <!-- testGetUserByName -->
        <test-method signature="tesUpdateUserByName()[pri:3, instance:api.test.UserTests2@1b2abca6]" started-at="2023-07-07T13:40:01 IST" name="tesUpdateUserByName" finished-at="2023-07-07T13:40:04 IST" duration-ms="3075" status="PASS">
          <reporter-output>
          </reporter-output>
        </test-method> <!-- tesUpdateUserByName -->
        <test-method signature="tesDeleteUserByName()[pri:4, instance:api.test.UserTests2@1b2abca6]" started-at="2023-07-07T13:40:04 IST" name="tesDeleteUserByName" finished-at="2023-07-07T13:40:05 IST" duration-ms="1428" status="PASS">
          <reporter-output>
          </reporter-output>
        </test-method> <!-- tesDeleteUserByName -->
      </class> <!-- api.test.UserTests2 -->
    </test> <!-- PetTest -->
  </suite> <!-- PetSuite -->
</testng-results>
