<?xml version="1.0" encoding="UTF-8"?>
<!-- Generated by org.testng.reporters.JUnitXMLReporter -->
<testsuite ignored="0" hostname="DESKTOP-PT9CC6H" failures="0" tests="4" name="PetTest" time="13.812" errors="0" timestamp="2023-07-07T13:40:05 IST">
  <testcase classname="api.test.UserTests2" name="testPostUser" time="5.408"/>
  <testcase classname="api.test.UserTests2" name="testGetUserByName" time="1.485"/>
  <testcase classname="api.test.UserTests2" name="tesUpdateUserByName" time="3.075"/>
  <testcase classname="api.test.UserTests2" name="tesDeleteUserByName" time="1.428"/>
</testsuite> <!-- PetTest -->
